<?xml version="1.0" encoding="UTF-8"?>
<!-- Generated by org.testng.reporters.JUnitReportReporter -->
<testsuite hostname="GEMPK-200032" failures="0" tests="6" name="com.gemini.generic.bdd.GemJarCucumberBase" time="188.705" errors="1" timestamp="2023-02-18T22:56:24 IST" skipped="0">
  <testcase classname="com.gemini.generic.bdd.GemJarCucumberBase" name="runScenario" time="36.410"/>
  <system-out/>
  <testcase classname="com.gemini.generic.bdd.GemJarCucumberBase" name="runScenario" time="35.505"/>
  <system-out/>
  <testcase classname="com.gemini.generic.bdd.GemJarCucumberBase" name="runScenario" time="39.573"/>
  <system-out/>
  <testcase classname="com.gemini.generic.bdd.GemJarCucumberBase" name="runScenario" time="35.420"/>
  <system-out/>
  <testcase classname="com.gemini.generic.bdd.GemJarCucumberBase" name="runScenario" time="32.097"/>
  <system-out/>
  <testcase classname="com.gemini.generic.bdd.GemJarCucumberBase" name="runScenario" time="9.700">
    <error type="java.lang.NullPointerException">
      <![CDATA[java.lang.NullPointerException
at org.openqa.selenium.support.ui.ExpectedConditions.elementIfVisible(ExpectedConditions.java:307)
at org.openqa.selenium.support.ui.ExpectedConditions.access$000(ExpectedConditions.java:40)
at org.openqa.selenium.support.ui.ExpectedConditions$10.apply(ExpectedConditions.java:293)
at org.openqa.selenium.support.ui.ExpectedConditions$10.apply(ExpectedConditions.java:290)
at org.openqa.selenium.support.ui.FluentWait.until(FluentWait.java:208)
at com.gemini.generic.ui.utils.DriverAction.waitUntilElementAppear(DriverAction.java:1101)
at com.qa.gembook.StepDefinition.GembookUtils.enterCredentials(GembookUtils.java:43)
at âœ½.User enters the "username"(file:///C:/Users/ka.thakur/Desktop/gembook_automation/src/main/resources/features/OtherPortals.feature:5)
]]>
    </error>
  </testcase> <!-- runScenario -->
  <system-out/>
</testsuite> <!-- com.gemini.generic.bdd.GemJarCucumberBase -->
